# JRE version: OpenJDK Runtime Environment (8.0_131-b11) (build 1.8.0_131-8u131-b11-1~bpo8+1-b11)
# Java VM: OpenJDK Server VM (25.131-b11 mixed mode linux-x86 )
Heap:
 PSYoungGen      total 30976K, used 25220K [0x946c0000, 0x98340000, 0xa6e00000)
  eden space 28672K, 79% used [0x946c0000,0x95d25000,0x962c0000)
  from space 2304K, 99% used [0x962c0000,0x964fc348,0x96500000)
  to   space 2304K, 0% used [0x98100000,0x98100000,0x98340000)
 ParOldGen       total 38400K, used 8275K [0x6f800000, 0x71d80000, 0x946c0000)
  object space 38400K, 21% used [0x6f800000,0x70014cf8,0x71d80000)
 Metaspace       used 14242K, capacity 14988K, committed 15000K, reserved 15664K
GC Heap History (6 events):
Event: 2.135 GC heap before
{Heap before GC invocations=1 (full 0):
 PSYoungGen      total 16640K, used 14336K [0x946c0000, 0x95940000, 0xa6e00000)
  eden space 14336K, 100% used [0x946c0000,0x954c0000,0x954c0000)
  from space 2304K, 0% used [0x95700000,0x95700000,0x95940000)
  to   space 2304K, 0% used [0x954c0000,0x954c0000,0x95700000)
 ParOldGen       total 38400K, used 0K [0x6f800000, 0x71d80000, 0x946c0000)
  object space 38400K, 0% used [0x6f800000,0x6f800000,0x71d80000)
 Metaspace       used 5510K, capacity 5802K, committed 5912K, reserved 6448K
Event: 2.171 GC heap after
Heap after GC invocations=1 (full 0):
 PSYoungGen      total 16640K, used 2298K [0x946c0000, 0x96740000, 0xa6e00000)
  eden space 14336K, 0% used [0x946c0000,0x946c0000,0x954c0000)
  from space 2304K, 99% used [0x954c0000,0x956fe860,0x95700000)
  to   space 2304K, 0% used [0x96500000,0x96500000,0x96740000)
 ParOldGen       total 38400K, used 1076K [0x6f800000, 0x71d80000, 0x946c0000)
  object space 38400K, 2% used [0x6f800000,0x6f90d358,0x71d80000)
 Metaspace       used 5510K, capacity 5802K, committed 5912K, reserved 6448K
}
Event: 3.579 GC heap before
{Heap before GC invocations=2 (full 0):
 PSYoungGen      total 16640K, used 16634K [0x946c0000, 0x96740000, 0xa6e00000)
  eden space 14336K, 100% used [0x946c0000,0x954c0000,0x954c0000)
  from space 2304K, 99% used [0x954c0000,0x956fe860,0x95700000)
  to   space 2304K, 0% used [0x96500000,0x96500000,0x96740000)
 ParOldGen       total 38400K, used 1076K [0x6f800000, 0x71d80000, 0x946c0000)
  object space 38400K, 2% used [0x6f800000,0x6f90d358,0x71d80000)
 Metaspace       used 8316K, capacity 8766K, committed 8856K, reserved 9520K
Event: 3.647 GC heap after
Heap after GC invocations=2 (full 0):
 PSYoungGen      total 30976K, used 2288K [0x946c0000, 0x96740000, 0xa6e00000)
  eden space 28672K, 0% used [0x946c0000,0x946c0000,0x962c0000)
  from space 2304K, 99% used [0x96500000,0x9673c070,0x96740000)
  to   space 2304K, 0% used [0x962c0000,0x962c0000,0x96500000)
 ParOldGen       total 38400K, used 3943K [0x6f800000, 0x71d80000, 0x946c0000)
  object space 38400K, 10% used [0x6f800000,0x6fbd9d38,0x71d80000)
 Metaspace       used 8316K, capacity 8766K, committed 8856K, reserved 9520K
}
Event: 6.092 GC heap before
{Heap before GC invocations=3 (full 0):
 PSYoungGen      total 30976K, used 23053K [0x946c0000, 0x96740000, 0xa6e00000)
  eden space 28672K, 72% used [0x946c0000,0x95b07398,0x962c0000)
  from space 2304K, 99% used [0x96500000,0x9673c070,0x96740000)
  to   space 2304K, 0% used [0x962c0000,0x962c0000,0x96500000)
 ParOldGen       total 38400K, used 3943K [0x6f800000, 0x71d80000, 0x946c0000)
  object space 38400K, 10% used [0x6f800000,0x6fbd9d38,0x71d80000)
 Metaspace       used 12130K, capacity 12700K, committed 12824K, reserved 13616K
Event: 6.202 GC heap after
Heap after GC invocations=3 (full 0):
 PSYoungGen      total 30976K, used 2288K [0x946c0000, 0x98340000, 0xa6e00000)
  eden space 28672K, 0% used [0x946c0000,0x946c0000,0x962c0000)
  from space 2304K, 99% used [0x962c0000,0x964fc348,0x96500000)
  to   space 2304K, 0% used [0x98100000,0x98100000,0x98340000)
 ParOldGen       total 38400K, used 8275K [0x6f800000, 0x71d80000, 0x946c0000)
  object space 38400K, 21% used [0x6f800000,0x70014cf8,0x71d80000)
 Metaspace       used 12130K, capacity 12700K, committed 12824K, reserved 13616K
}

